[22:49:34] [Server thread/INFO]: Starting minecraft server version 1.8
[22:49:36] [Server thread/INFO]: Loading properties
[22:49:36] [Server thread/INFO]: Default game type: SURVIVAL
[22:49:36] [Server thread/INFO]: Generating keypair
[22:49:36] [Server thread/INFO]: Starting Minecraft server on *:25565
[22:49:37] [Server thread/WARN]: Failed to load user banlist: 
java.io.FileNotFoundException: banned-players.json (The system cannot find the file specified)
	at java.io.FileInputStream.open0(Native Method) ~[?:1.8.0-262]
	at java.io.FileInputStream.open(FileInputStream.java:195) ~[?:1.8.0-262]
	at java.io.FileInputStream.<init>(FileInputStream.java:138) ~[?:1.8.0-262]
	at com.google.common.io.Files.newReader(Files.java:86) ~[minecraft_server.1.8.jar:?]
	at net.minecraft.server.management.UserList.func_152679_g(SourceFile:124) ~[ss.class:?]
	at net.minecraft.server.dedicated.DedicatedPlayerList.func_152620_y(SourceFile:99) [pn.class:?]
	at net.minecraft.server.dedicated.DedicatedPlayerList.<init>(SourceFile:25) [pn.class:?]
	at net.minecraft.server.dedicated.DedicatedServer.func_71197_b(DedicatedServer.java:211) [po.class:?]
	at net.minecraft.server.MinecraftServer.run(MinecraftServer.java:438) [MinecraftServer.class:?]
	at java.lang.Thread.run(Thread.java:748) [?:1.8.0-262]
[22:49:37] [Server thread/WARN]: Failed to load ip banlist: 
java.io.FileNotFoundException: banned-ips.json (The system cannot find the file specified)
	at java.io.FileInputStream.open0(Native Method) ~[?:1.8.0-262]
	at java.io.FileInputStream.open(FileInputStream.java:195) ~[?:1.8.0-262]
	at java.io.FileInputStream.<init>(FileInputStream.java:138) ~[?:1.8.0-262]
	at com.google.common.io.Files.newReader(Files.java:86) ~[minecraft_server.1.8.jar:?]
	at net.minecraft.server.management.UserList.func_152679_g(SourceFile:124) ~[ss.class:?]
	at net.minecraft.server.dedicated.DedicatedPlayerList.func_152619_x(SourceFile:91) [pn.class:?]
	at net.minecraft.server.dedicated.DedicatedPlayerList.<init>(SourceFile:27) [pn.class:?]
	at net.minecraft.server.dedicated.DedicatedServer.func_71197_b(DedicatedServer.java:211) [po.class:?]
	at net.minecraft.server.MinecraftServer.run(MinecraftServer.java:438) [MinecraftServer.class:?]
	at java.lang.Thread.run(Thread.java:748) [?:1.8.0-262]
[22:49:37] [Server thread/WARN]: Failed to load operators list: 
java.io.FileNotFoundException: ops.json (The system cannot find the file specified)
	at java.io.FileInputStream.open0(Native Method) ~[?:1.8.0-262]
	at java.io.FileInputStream.open(FileInputStream.java:195) ~[?:1.8.0-262]
	at java.io.FileInputStream.<init>(FileInputStream.java:138) ~[?:1.8.0-262]
	at com.google.common.io.Files.newReader(Files.java:86) ~[minecraft_server.1.8.jar:?]
	at net.minecraft.server.management.UserList.func_152679_g(SourceFile:124) ~[ss.class:?]
	at net.minecraft.server.dedicated.DedicatedPlayerList.func_72417_t(SourceFile:107) [pn.class:?]
	at net.minecraft.server.dedicated.DedicatedPlayerList.<init>(SourceFile:29) [pn.class:?]
	at net.minecraft.server.dedicated.DedicatedServer.func_71197_b(DedicatedServer.java:211) [po.class:?]
	at net.minecraft.server.MinecraftServer.run(MinecraftServer.java:438) [MinecraftServer.class:?]
	at java.lang.Thread.run(Thread.java:748) [?:1.8.0-262]
[22:49:37] [Server thread/WARN]: Failed to load white-list: 
java.io.FileNotFoundException: whitelist.json (The system cannot find the file specified)
	at java.io.FileInputStream.open0(Native Method) ~[?:1.8.0-262]
	at java.io.FileInputStream.open(FileInputStream.java:195) ~[?:1.8.0-262]
	at java.io.FileInputStream.<init>(FileInputStream.java:138) ~[?:1.8.0-262]
	at com.google.common.io.Files.newReader(Files.java:86) ~[minecraft_server.1.8.jar:?]
	at net.minecraft.server.management.UserList.func_152679_g(SourceFile:124) ~[ss.class:?]
	at net.minecraft.server.dedicated.DedicatedPlayerList.func_72418_v(SourceFile:123) [pn.class:?]
	at net.minecraft.server.dedicated.DedicatedPlayerList.<init>(SourceFile:30) [pn.class:?]
	at net.minecraft.server.dedicated.DedicatedServer.func_71197_b(DedicatedServer.java:211) [po.class:?]
	at net.minecraft.server.MinecraftServer.run(MinecraftServer.java:438) [MinecraftServer.class:?]
	at java.lang.Thread.run(Thread.java:748) [?:1.8.0-262]
[22:49:37] [Server thread/INFO]: Preparing level "world"
[22:49:37] [Server thread/INFO]: Preparing start region for level 0
[22:49:38] [Server thread/INFO]: Preparing spawn area: 6%
[22:49:39] [Server thread/INFO]: Preparing spawn area: 17%
[22:49:40] [Server thread/INFO]: Preparing spawn area: 35%
[22:49:41] [Server thread/INFO]: Preparing spawn area: 53%
[22:49:42] [Server thread/INFO]: Preparing spawn area: 71%
[22:49:43] [Server thread/INFO]: Preparing spawn area: 91%
[22:49:44] [Server thread/INFO]: Done (6.909s)! For help, type "help" or "?"
[22:49:47] [Server thread/INFO]: Stopping the server
[22:49:47] [Server thread/INFO]: Stopping server
[22:49:47] [Server thread/INFO]: Saving players
[22:49:47] [Server thread/INFO]: Saving worlds
[22:49:47] [Server thread/INFO]: Saving chunks for level 'world'/Overworld
[22:49:48] [Server thread/INFO]: Saving chunks for level 'world'/Nether
[22:49:48] [Server thread/INFO]: Saving chunks for level 'world'/The End
